[28-Jun-2020 10:18:06] NOTICE: fpm is running, pid 86578
[28-Jun-2020 10:18:06] NOTICE: ready to handle connections
[28-Jun-2020 13:39:31] NOTICE: Terminating ...
[28-Jun-2020 13:39:31] NOTICE: Terminating ...
[28-Jun-2020 13:39:31] NOTICE: exiting, bye-bye!
[10-Jul-2020 10:17:16] NOTICE: fpm is running, pid 4587
[10-Jul-2020 10:17:16] NOTICE: ready to handle connections
[17-Jul-2020 01:08:28] NOTICE: Terminating ...
[17-Jul-2020 01:08:28] NOTICE: Terminating ...
[17-Jul-2020 01:08:28] NOTICE: exiting, bye-bye!
[18-Jul-2020 18:02:50] NOTICE: fpm is running, pid 58142
[18-Jul-2020 18:02:50] NOTICE: ready to handle connections
[20-Jul-2020 11:18:47] NOTICE: Terminating ...
[20-Jul-2020 11:18:47] NOTICE: Terminating ...
[20-Jul-2020 11:18:47] NOTICE: exiting, bye-bye!
[24-Jul-2020 10:34:10] NOTICE: fpm is running, pid 87787
[24-Jul-2020 10:34:10] NOTICE: ready to handle connections
[25-Jul-2020 11:01:44] NOTICE: Terminating ...
[25-Jul-2020 11:01:44] NOTICE: Terminating ...
[25-Jul-2020 11:01:44] NOTICE: exiting, bye-bye!
[31-Jul-2020 12:32:40] NOTICE: fpm is running, pid 1701
[31-Jul-2020 12:32:40] NOTICE: ready to handle connections
[05-Aug-2020 23:09:50] NOTICE: Terminating ...
[05-Aug-2020 23:09:50] NOTICE: Terminating ...
[05-Aug-2020 23:09:50] NOTICE: exiting, bye-bye!
[16-Aug-2020 16:07:44] NOTICE: fpm is running, pid 11621
[16-Aug-2020 16:07:44] NOTICE: ready to handle connections
[16-Aug-2020 17:19:53] NOTICE: Terminating ...
[16-Aug-2020 17:19:53] NOTICE: Terminating ...
[16-Aug-2020 17:19:53] NOTICE: exiting, bye-bye!
[17-Aug-2020 10:32:45] NOTICE: fpm is running, pid 1470
[17-Aug-2020 10:32:45] NOTICE: ready to handle connections
[20-Aug-2020 10:28:40] NOTICE: Terminating ...
[20-Aug-2020 10:28:40] NOTICE: Terminating ...
[20-Aug-2020 10:28:40] NOTICE: exiting, bye-bye!
[20-Aug-2020 10:28:42] NOTICE: fpm is running, pid 10986
[20-Aug-2020 10:28:42] NOTICE: ready to handle connections
[20-Aug-2020 10:36:30] NOTICE: Terminating ...
[20-Aug-2020 10:36:30] NOTICE: Terminating ...
[20-Aug-2020 10:36:30] NOTICE: exiting, bye-bye!
[20-Aug-2020 10:36:33] NOTICE: fpm is running, pid 11236
[20-Aug-2020 10:36:33] NOTICE: ready to handle connections
[20-Aug-2020 10:36:44] NOTICE: Terminating ...
[20-Aug-2020 10:36:44] NOTICE: Terminating ...
[20-Aug-2020 10:36:44] NOTICE: exiting, bye-bye!
[20-Aug-2020 10:38:53] NOTICE: fpm is running, pid 11278
[20-Aug-2020 10:38:53] NOTICE: ready to handle connections
[22-Aug-2020 16:55:29] NOTICE: Terminating ...
[22-Aug-2020 16:55:29] NOTICE: Terminating ...
[22-Aug-2020 16:55:29] NOTICE: exiting, bye-bye!
[22-Aug-2020 18:55:00] NOTICE: fpm is running, pid 15080
[22-Aug-2020 18:55:00] NOTICE: ready to handle connections
[22-Aug-2020 18:55:42] NOTICE: Terminating ...
[22-Aug-2020 18:55:42] NOTICE: Terminating ...
[22-Aug-2020 18:55:42] NOTICE: exiting, bye-bye!
[22-Aug-2020 19:12:03] NOTICE: fpm is running, pid 15195
[22-Aug-2020 19:12:03] NOTICE: ready to handle connections
[22-Aug-2020 19:26:28] NOTICE: Terminating ...
[22-Aug-2020 19:26:28] NOTICE: Terminating ...
[22-Aug-2020 19:26:28] NOTICE: exiting, bye-bye!
[23-Aug-2020 13:21:38] NOTICE: fpm is running, pid 16034
[23-Aug-2020 13:21:38] NOTICE: ready to handle connections
